<?xml version="1.0" encoding="UTF-8"?>
<testng-results ignored="0" total="1" passed="1" failed="0" skipped="0">
  <reporter-output>
  </reporter-output>
  <suite started-at="2024-12-09T16:46:17 IST" name="Default suite" finished-at="2024-12-09T16:46:19 IST" duration-ms="1915">
    <groups>
    </groups>
    <test started-at="2024-12-09T16:46:17 IST" name="Default test" finished-at="2024-12-09T16:46:19 IST" duration-ms="1915">
      <class name="post_restassured.PolishController02">
        <test-method signature="createSymmetry()[pri:0, instance:post_restassured.PolishController02@557caf28]" started-at="2024-12-09T16:46:17 IST" name="createSymmetry" finished-at="2024-12-09T16:46:19 IST" duration-ms="1862" status="PASS">
          <reporter-output>
          </reporter-output>
        </test-method> <!-- createSymmetry -->
      </class> <!-- post_restassured.PolishController02 -->
    </test> <!-- Default test -->
  </suite> <!-- Default suite -->
</testng-results>
