<?xml version="1.0" encoding="UTF-8"?>
<testng-results ignored="0" total="1" passed="1" failed="0" skipped="0">
  <reporter-output>
  </reporter-output>
  <suite started-at="2024-11-28T10:39:46 IST" name="Default suite" finished-at="2024-11-28T10:39:47 IST" duration-ms="1555">
    <groups>
    </groups>
    <test started-at="2024-11-28T10:39:46 IST" name="Default test" finished-at="2024-11-28T10:39:47 IST" duration-ms="1555">
      <class name="restassuredtut01.auction_controller_24">
        <test-method signature="loginToSystem()[pri:0, instance:restassuredtut01.auction_controller_24@776aec5c]" started-at="2024-11-28T10:39:46 IST" name="loginToSystem" finished-at="2024-11-28T10:39:47 IST" duration-ms="1509" status="PASS">
          <reporter-output>
          </reporter-output>
        </test-method> <!-- loginToSystem -->
      </class> <!-- restassuredtut01.auction_controller_24 -->
    </test> <!-- Default test -->
  </suite> <!-- Default suite -->
</testng-results>
